app/build/intermediates/manifest_merge_blame_file/debug/manifest-merger-blame-debug-report.txt
1<?xml version="1.0" encoding="utf-8"?>
2<manifest xmlns:android="http://schemas.android.com/apk/res/android"
3    package="np.com.aayonepal.aayonepalcustomer"
4    android:installLocation="auto"
5    android:versionCode="55"
6    android:versionName="5.5" >
7
8    <uses-sdk
9        android:minSdkVersion="21"
9-->src\main\AndroidManifest.xml
10        android:targetSdkVersion="30" />
10-->src\main\AndroidManifest.xml
11
12    <uses-permission android:name="android.permission.ACCESS_COARSE_LOCATION" />
12-->src\main\AndroidManifest.xml:7:5-81
12-->src\main\AndroidManifest.xml:7:22-78
13    <uses-permission android:name="android.permission.ACCESS_FINE_LOCATION" />
13-->src\main\AndroidManifest.xml:8:5-79
13-->src\main\AndroidManifest.xml:8:22-76
14    <uses-permission android:name="android.permission.ACCESS_NETWORK_STATE" />
14-->src\main\AndroidManifest.xml:9:5-79
14-->src\main\AndroidManifest.xml:9:22-76
15    <uses-permission android:name="android.permission.CALL_PHONE" />
15-->src\main\AndroidManifest.xml:10:5-69
15-->src\main\AndroidManifest.xml:10:22-66
16    <uses-permission
16-->src\main\AndroidManifest.xml:11:5-13:35
17        android:name="android.permission.CHANGE_WIFI_STATE"
17-->src\main\AndroidManifest.xml:12:9-60
18        android:required="true" />
18-->src\main\AndroidManifest.xml:13:9-32
19    <uses-permission android:name="android.permission.INTERNET" />
19-->src\main\AndroidManifest.xml:14:5-67
19-->src\main\AndroidManifest.xml:14:22-64
20    <uses-permission android:name="android.permission.CAMERA" />
20-->src\main\AndroidManifest.xml:15:5-65
20-->src\main\AndroidManifest.xml:15:22-62
21    <uses-permission android:name="android.permission.VIBRATE" />
21-->src\main\AndroidManifest.xml:16:5-66
21-->src\main\AndroidManifest.xml:16:22-63
22    <uses-permission android:name="android.permission.WRITE_EXTERNAL_STORAGE" />
22-->src\main\AndroidManifest.xml:17:5-81
22-->src\main\AndroidManifest.xml:17:22-78
23    <uses-permission android:name="android.permission.RECORD_AUDIO" />
23-->src\main\AndroidManifest.xml:18:5-71
23-->src\main\AndroidManifest.xml:18:22-68
24    <uses-permission android:name="android.permission.GET_TASKS" />
24-->src\main\AndroidManifest.xml:19:5-68
24-->src\main\AndroidManifest.xml:19:22-65
25
26    <queries>
26-->src\main\AndroidManifest.xml:21:5-23:15
27        <provider android:authorities="com.facebook.katana.provider.PlatformProvider" /> <!-- allows app to access Facebook app features -->
27-->src\main\AndroidManifest.xml:22:9-89
27-->src\main\AndroidManifest.xml:22:19-86
28    </queries>
29
30    <uses-permission android:name="android.permission.ACCESS_WIFI_STATE" /> <!-- Require below permissions for reading sms and otp assist feature -->
30-->[com.google.android.libraries.places:places:2.3.0] AndroidManifest.xml:10:5-76
30-->[com.google.android.libraries.places:places:2.3.0] AndroidManifest.xml:10:22-73
31    <!--
32    <uses-permission android:name="android.permission.READ_SMS" />
33    <uses-permission android:name="android.permission.READ_PHONE_STATE" />
34    -->
35    <uses-feature
35-->[com.payumoney.core:payumoney-sdk:7.6.0] AndroidManifest.xml:24:5-26:36
36        android:name="android.hardware.telephony"
36-->[com.payumoney.core:payumoney-sdk:7.6.0] AndroidManifest.xml:25:9-50
37        android:required="false" />
37-->[com.payumoney.core:payumoney-sdk:7.6.0] AndroidManifest.xml:26:9-33
38    <uses-feature
38-->[com.google.android.gms:play-services-maps:17.0.0] AndroidManifest.xml:26:5-28:35
39        android:glEsVersion="0x00020000"
39-->[com.google.android.gms:play-services-maps:17.0.0] AndroidManifest.xml:27:9-41
40        android:required="true" /> <!-- Permission will be merged into the manifest of the hosting app. -->
40-->[com.google.android.gms:play-services-maps:17.0.0] AndroidManifest.xml:28:9-32
41    <!-- Is required to launch foreground extraction service for targetSdkVersion 28+. -->
42    <uses-permission android:name="android.permission.FOREGROUND_SERVICE" />
42-->[com.google.android.play:core:1.10.0] AndroidManifest.xml:8:3-74
42-->[com.google.android.play:core:1.10.0] AndroidManifest.xml:8:20-72
43    <uses-permission android:name="android.permission.READ_EXTERNAL_STORAGE" />
44    <uses-permission android:name="com.google.android.gms.permission.AD_ID" />
44-->[com.facebook.android:facebook-core:13.2.0] AndroidManifest.xml:28:5-79
44-->[com.facebook.android:facebook-core:13.2.0] AndroidManifest.xml:28:22-76
45    <uses-permission android:name="android.permission.WAKE_LOCK" /> <!-- Required by older versions of Google Play services to create IID tokens -->
45-->[com.google.firebase:firebase-iid:21.0.0] AndroidManifest.xml:24:5-68
45-->[com.google.firebase:firebase-iid:21.0.0] AndroidManifest.xml:24:22-65
46    <uses-permission android:name="com.google.android.c2dm.permission.RECEIVE" />
46-->[com.google.firebase:firebase-iid:21.0.0] AndroidManifest.xml:26:5-82
46-->[com.google.firebase:firebase-iid:21.0.0] AndroidManifest.xml:26:22-79
47    <uses-permission android:name="com.google.android.finsky.permission.BIND_GET_INSTALL_REFERRER_SERVICE" />
47-->[com.google.android.gms:play-services-measurement:18.0.0] AndroidManifest.xml:26:5-110
47-->[com.google.android.gms:play-services-measurement:18.0.0] AndroidManifest.xml:26:22-107
48
49    <uses-feature
49-->[io.card:android-sdk:5.5.0] AndroidManifest.xml:12:5-14:36
50        android:name="android.hardware.camera"
50-->[io.card:android-sdk:5.5.0] AndroidManifest.xml:13:9-47
51        android:required="false" />
51-->[io.card:android-sdk:5.5.0] AndroidManifest.xml:14:9-33
52    <uses-feature
52-->[io.card:android-sdk:5.5.0] AndroidManifest.xml:15:5-17:36
53        android:name="android.hardware.camera.autofocus"
53-->[io.card:android-sdk:5.5.0] AndroidManifest.xml:16:9-57
54        android:required="false" />
54-->[io.card:android-sdk:5.5.0] AndroidManifest.xml:17:9-33
55
56    <application
56-->src\main\AndroidManifest.xml:25:5-324:19
57        android:name="com.ourdevelops.ourjek.constants.BaseApp"
57-->src\main\AndroidManifest.xml:26:9-42
58        android:allowBackup="true"
58-->src\main\AndroidManifest.xml:27:9-35
59        android:appComponentFactory="androidx.core.app.CoreComponentFactory"
59-->[androidx.core:core:1.5.0] AndroidManifest.xml:24:18-86
60        android:debuggable="true"
61        android:hardwareAccelerated="true"
61-->src\main\AndroidManifest.xml:28:9-43
62        android:icon="@mipmap/ic_launcher"
62-->src\main\AndroidManifest.xml:29:9-43
63        android:label="@string/app_name"
63-->src\main\AndroidManifest.xml:30:9-41
64        android:largeHeap="true"
64-->src\main\AndroidManifest.xml:31:9-33
65        android:networkSecurityConfig="@xml/network_security_config"
65-->src\main\AndroidManifest.xml:32:9-69
66        android:requestLegacyExternalStorage="true"
66-->src\main\AndroidManifest.xml:33:9-52
67        android:screenOrientation="portrait"
67-->[com.github.prabhutechnology:epayment_SDK_android:1.5] AndroidManifest.xml:13:18-54
68        android:supportsRtl="false"
68-->src\main\AndroidManifest.xml:34:9-36
69        android:theme="@style/AppTheme"
69-->src\main\AndroidManifest.xml:35:9-40
70        android:usesCleartextTraffic="false"
70-->[com.payu.custombrowser:payu-custom-browser:7.5.1] AndroidManifest.xml:17:18-54
71        android:windowSoftInputMode="adjustPan" >
71-->[com.payumoney.core:payumoney-sdk:7.6.0] AndroidManifest.xml:30:9-48
72        <activity
72-->src\main\AndroidManifest.xml:37:9-40:51
73            android:name="com.ourdevelops.ourjek.activity.edit_address.EditAddressActivity"
73-->src\main\AndroidManifest.xml:38:13-70
74            android:exported="false"
74-->src\main\AndroidManifest.xml:39:13-37
75            android:theme="@style/MainActivity" />
75-->src\main\AndroidManifest.xml:40:13-48
76        <activity
76-->src\main\AndroidManifest.xml:41:9-44:51
77            android:name="com.ourdevelops.ourjek.activity.my_address.MyAddressActivity"
77-->src\main\AndroidManifest.xml:42:13-66
78            android:exported="false"
78-->src\main\AndroidManifest.xml:43:13-37
79            android:theme="@style/MainActivity" />
79-->src\main\AndroidManifest.xml:44:13-48
80        <activity
80-->src\main\AndroidManifest.xml:45:9-48:51
81            android:name="com.ourdevelops.ourjek.activity.notification_settings.NotificationSettingsActivity"
81-->src\main\AndroidManifest.xml:46:13-88
82            android:exported="false"
82-->src\main\AndroidManifest.xml:47:13-37
83            android:theme="@style/MainActivity" />
83-->src\main\AndroidManifest.xml:48:13-48
84        <activity android:name="com.ourdevelops.ourjek.activity.logistic.payment.LogisticPaymentActivity" />
84-->src\main\AndroidManifest.xml:49:9-87
84-->src\main\AndroidManifest.xml:49:19-84
85        <activity
85-->src\main\AndroidManifest.xml:50:9-52:58
86            android:name="com.ourdevelops.ourjek.activity.logistic.item_detail.LogisticItemDetailActivity"
86-->src\main\AndroidManifest.xml:51:13-85
87            android:windowSoftInputMode="adjustResize" />
87-->src\main\AndroidManifest.xml:52:13-55
88        <activity
88-->src\main\AndroidManifest.xml:53:9-55:58
89            android:name="com.ourdevelops.ourjek.activity.logistic.logistic_detail.LogisticDetailActivity"
89-->src\main\AndroidManifest.xml:54:13-85
90            android:windowSoftInputMode="adjustResize" />
90-->src\main\AndroidManifest.xml:55:13-55
91        <activity
91-->src\main\AndroidManifest.xml:56:9-58:58
92            android:name="com.ourdevelops.ourjek.activity.logistic.LogisticActivity"
92-->src\main\AndroidManifest.xml:57:13-63
93            android:windowSoftInputMode="adjustResize" />
93-->src\main\AndroidManifest.xml:58:13-55
94        <activity android:name="com.ourdevelops.ourjek.activity.new_logistic.NewLogisticActivity" />
94-->src\main\AndroidManifest.xml:59:9-79
94-->src\main\AndroidManifest.xml:59:19-76
95        <activity android:name="com.ourdevelops.ourjek.activity.chat.MessageActivity" />
95-->src\main\AndroidManifest.xml:60:9-67
95-->src\main\AndroidManifest.xml:60:19-64
96        <activity android:name="com.ourdevelops.ourjek.activity.new_merchant.NewMerchantActivity" />
96-->src\main\AndroidManifest.xml:61:9-79
96-->src\main\AndroidManifest.xml:61:19-76
97        <activity android:name="com.ourdevelops.ourjek.activity.notification.NewNotificationActivity" />
97-->src\main\AndroidManifest.xml:62:9-83
97-->src\main\AndroidManifest.xml:62:19-80
98        <activity android:name="com.ourdevelops.ourjek.activity.forgot_password.VerifyForgotPasswordActivity" />
98-->src\main\AndroidManifest.xml:63:9-91
98-->src\main\AndroidManifest.xml:63:19-88
99        <activity android:name="com.ourdevelops.ourjek.activity.VerifycodeActivity" />
99-->src\main\AndroidManifest.xml:64:9-65
99-->src\main\AndroidManifest.xml:64:19-62
100        <activity
100-->src\main\AndroidManifest.xml:65:9-68:58
101            android:name="com.ourdevelops.ourjek.activity.NewDetailMerchantActivity"
101-->src\main\AndroidManifest.xml:66:13-63
102            android:theme="@style/AppTheme"
102-->src\main\AndroidManifest.xml:67:13-44
103            android:windowSoftInputMode="adjustResize" />
103-->src\main\AndroidManifest.xml:68:13-55
104        <activity android:name="com.ourdevelops.ourjek.activity.NewAllMerchantActivity" />
104-->src\main\AndroidManifest.xml:69:9-69
104-->src\main\AndroidManifest.xml:69:19-66
105        <activity
105-->src\main\AndroidManifest.xml:70:9-73:73
106            android:name="com.ourdevelops.ourjek.activity.PromoActivity"
106-->src\main\AndroidManifest.xml:71:13-51
107            android:screenOrientation="portrait"
107-->src\main\AndroidManifest.xml:72:13-49
108            android:windowSoftInputMode="stateAlwaysHidden|adjustPan" />
108-->src\main\AndroidManifest.xml:73:13-70
109        <activity
109-->src\main\AndroidManifest.xml:74:9-77:73
110            android:name="com.ourdevelops.ourjek.activity.MapsMerchantActivity"
110-->src\main\AndroidManifest.xml:75:13-58
111            android:screenOrientation="portrait"
111-->src\main\AndroidManifest.xml:76:13-49
112            android:windowSoftInputMode="stateAlwaysHidden|adjustPan" />
112-->src\main\AndroidManifest.xml:77:13-70
113        <activity
113-->src\main\AndroidManifest.xml:78:9-81:73
114            android:name="com.ourdevelops.ourjek.activity.DetailMerchantActivity"
114-->src\main\AndroidManifest.xml:79:13-60
115            android:screenOrientation="portrait"
115-->src\main\AndroidManifest.xml:80:13-49
116            android:windowSoftInputMode="stateAlwaysHidden|adjustPan" />
116-->src\main\AndroidManifest.xml:81:13-70
117        <activity
117-->src\main\AndroidManifest.xml:82:9-85:73
118            android:name="com.ourdevelops.ourjek.activity.PicklocationActivity"
118-->src\main\AndroidManifest.xml:83:13-58
119            android:screenOrientation="portrait"
119-->src\main\AndroidManifest.xml:84:13-49
120            android:windowSoftInputMode="stateAlwaysHidden|adjustPan" />
120-->src\main\AndroidManifest.xml:85:13-70
121        <activity
121-->src\main\AndroidManifest.xml:86:9-89:73
122            android:name="com.ourdevelops.ourjek.activity.allmerchant.AllMerchantActivity"
122-->src\main\AndroidManifest.xml:87:13-69
123            android:screenOrientation="portrait"
123-->src\main\AndroidManifest.xml:88:13-49
124            android:windowSoftInputMode="stateAlwaysHidden|adjustPan" />
124-->src\main\AndroidManifest.xml:89:13-70
125        <activity
125-->src\main\AndroidManifest.xml:90:9-93:73
126            android:name="com.ourdevelops.ourjek.activity.AllBeritaActivity"
126-->src\main\AndroidManifest.xml:91:13-55
127            android:screenOrientation="portrait"
127-->src\main\AndroidManifest.xml:92:13-49
128            android:windowSoftInputMode="stateAlwaysHidden|adjustPan" />
128-->src\main\AndroidManifest.xml:93:13-70
129        <activity
129-->src\main\AndroidManifest.xml:94:9-97:73
130            android:name="com.ourdevelops.ourjek.activity.WalletActivity"
130-->src\main\AndroidManifest.xml:95:13-52
131            android:screenOrientation="portrait"
131-->src\main\AndroidManifest.xml:96:13-49
132            android:windowSoftInputMode="stateAlwaysHidden|adjustPan" />
132-->src\main\AndroidManifest.xml:97:13-70
133        <activity
133-->src\main\AndroidManifest.xml:98:9-100:52
134            android:name="com.ourdevelops.ourjek.activity.chat.ChatActivity"
134-->src\main\AndroidManifest.xml:99:13-55
135            android:screenOrientation="portrait" />
135-->src\main\AndroidManifest.xml:100:13-49
136
137        <service
137-->src\main\AndroidManifest.xml:102:9-109:19
138            android:name="com.ourdevelops.ourjek.utils.api.service.MessagingService"
138-->src\main\AndroidManifest.xml:103:13-63
139            android:enabled="true"
139-->src\main\AndroidManifest.xml:104:13-35
140            android:exported="true" >
140-->src\main\AndroidManifest.xml:105:13-36
141            <intent-filter>
141-->src\main\AndroidManifest.xml:106:13-108:29
142                <action android:name="com.google.firebase.MESSAGING_EVENT" />
142-->src\main\AndroidManifest.xml:107:17-78
142-->src\main\AndroidManifest.xml:107:25-75
143            </intent-filter>
144        </service>
145
146        <meta-data
146-->src\main\AndroidManifest.xml:111:9-113:54
147            android:name="com.google.firebase.messaging.default_notification_icon"
147-->src\main\AndroidManifest.xml:112:13-83
148            android:resource="@mipmap/ic_launcher" />
148-->src\main\AndroidManifest.xml:113:13-51
149        <!--
150 Set color used with incoming notification messages. This is used when no color is set for the incoming
151             notification message. See README(https://goo.gl/6BKBk7) for more.
152        -->
153        <meta-data
153-->src\main\AndroidManifest.xml:118:9-120:54
154            android:name="com.google.firebase.messaging.default_notification_color"
154-->src\main\AndroidManifest.xml:119:13-84
155            android:resource="@color/colorPrimary" />
155-->src\main\AndroidManifest.xml:120:13-51
156
157        <activity
157-->src\main\AndroidManifest.xml:122:9-126:73
158            android:name="com.ourdevelops.ourjek.activity.RateActivity"
158-->src\main\AndroidManifest.xml:123:13-50
159            android:screenOrientation="portrait"
159-->src\main\AndroidManifest.xml:124:13-49
160            android:theme="@style/Login_phone"
160-->src\main\AndroidManifest.xml:125:13-47
161            android:windowSoftInputMode="stateAlwaysHidden|adjustPan" />
161-->src\main\AndroidManifest.xml:126:13-70
162        <activity
162-->src\main\AndroidManifest.xml:127:9-131:73
163            android:name="com.ourdevelops.ourjek.activity.CreditcardActivity"
163-->src\main\AndroidManifest.xml:128:13-56
164            android:screenOrientation="portrait"
164-->src\main\AndroidManifest.xml:129:13-49
165            android:theme="@style/Login_phone"
165-->src\main\AndroidManifest.xml:130:13-47
166            android:windowSoftInputMode="stateAlwaysHidden|adjustPan" />
166-->src\main\AndroidManifest.xml:131:13-70
167        <activity
167-->src\main\AndroidManifest.xml:132:9-136:73
168            android:name="com.ourdevelops.ourjek.activity.WithdrawActivity"
168-->src\main\AndroidManifest.xml:133:13-54
169            android:screenOrientation="portrait"
169-->src\main\AndroidManifest.xml:134:13-49
170            android:theme="@style/Login_phone"
170-->src\main\AndroidManifest.xml:135:13-47
171            android:windowSoftInputMode="stateAlwaysHidden|adjustPan" />
171-->src\main\AndroidManifest.xml:136:13-70
172        <activity
172-->src\main\AndroidManifest.xml:137:9-146:20
173            android:name="com.ourdevelops.ourjek.activity.SplashActivity"
173-->src\main\AndroidManifest.xml:138:13-52
174            android:noHistory="true"
174-->src\main\AndroidManifest.xml:139:13-37
175            android:theme="@style/AppTheme" >
175-->src\main\AndroidManifest.xml:140:13-44
176            <intent-filter>
176-->src\main\AndroidManifest.xml:141:13-145:29
177                <action android:name="android.intent.action.MAIN" />
177-->src\main\AndroidManifest.xml:142:17-69
177-->src\main\AndroidManifest.xml:142:25-66
178
179                <category android:name="android.intent.category.LAUNCHER" />
179-->src\main\AndroidManifest.xml:144:17-77
179-->src\main\AndroidManifest.xml:144:27-74
180            </intent-filter>
181        </activity>
182        <activity
182-->src\main\AndroidManifest.xml:147:9-149:52
183            android:name="com.ourdevelops.ourjek.activity.IntroActivity"
183-->src\main\AndroidManifest.xml:148:13-51
184            android:screenOrientation="portrait" />
184-->src\main\AndroidManifest.xml:149:13-49
185        <activity
185-->src\main\AndroidManifest.xml:150:9-152:52
186            android:name="com.ourdevelops.ourjek.activity.BeritaDetailActivity"
186-->src\main\AndroidManifest.xml:151:13-58
187            android:screenOrientation="portrait" />
187-->src\main\AndroidManifest.xml:152:13-49
188        <activity
188-->src\main\AndroidManifest.xml:153:9-156:58
189            android:name="com.ourdevelops.ourjek.activity.TopupSaldoActivity"
189-->src\main\AndroidManifest.xml:154:13-56
190            android:screenOrientation="portrait"
190-->src\main\AndroidManifest.xml:155:13-49
191            android:windowSoftInputMode="adjustResize" />
191-->src\main\AndroidManifest.xml:156:13-55
192        <activity
192-->src\main\AndroidManifest.xml:157:9-159:52
193            android:name="com.ourdevelops.ourjek.activity.RideCarActivity"
193-->src\main\AndroidManifest.xml:158:13-53
194            android:screenOrientation="portrait" />
194-->src\main\AndroidManifest.xml:159:13-49
195        <activity
195-->src\main\AndroidManifest.xml:160:9-162:52
196            android:name="com.ourdevelops.ourjek.activity.RentCarActivity"
196-->src\main\AndroidManifest.xml:161:13-53
197            android:screenOrientation="portrait" />
197-->src\main\AndroidManifest.xml:162:13-49
198        <activity
198-->src\main\AndroidManifest.xml:163:9-165:52
199            android:name="com.ourdevelops.ourjek.activity.SendActivity"
199-->src\main\AndroidManifest.xml:164:13-50
200            android:screenOrientation="portrait" />
200-->src\main\AndroidManifest.xml:165:13-49
201        <activity
201-->src\main\AndroidManifest.xml:166:9-168:52
202            android:name="com.ourdevelops.ourjek.activity.SendDetailActivity"
202-->src\main\AndroidManifest.xml:167:13-56
203            android:screenOrientation="portrait" />
203-->src\main\AndroidManifest.xml:168:13-49
204        <activity
204-->src\main\AndroidManifest.xml:169:9-172:50
205            android:name="com.ourdevelops.ourjek.activity.ProgressActivity"
205-->src\main\AndroidManifest.xml:170:13-54
206            android:screenOrientation="portrait"
206-->src\main\AndroidManifest.xml:171:13-49
207            android:theme="@style/MainActivity" />
207-->src\main\AndroidManifest.xml:172:13-48
208        <activity
208-->src\main\AndroidManifest.xml:173:9-176:50
209            android:name="com.ourdevelops.ourjek.activity.PrivacyActivity"
209-->src\main\AndroidManifest.xml:174:13-53
210            android:screenOrientation="portrait"
210-->src\main\AndroidManifest.xml:175:13-49
211            android:theme="@style/noActionBar" />
211-->src\main\AndroidManifest.xml:176:13-47
212        <activity
212-->src\main\AndroidManifest.xml:177:9-181:58
213            android:name="com.ourdevelops.ourjek.activity.RegisterActivity"
213-->src\main\AndroidManifest.xml:178:13-54
214            android:screenOrientation="portrait"
214-->src\main\AndroidManifest.xml:179:13-49
215            android:theme="@style/MainActivity"
215-->src\main\AndroidManifest.xml:180:13-48
216            android:windowSoftInputMode="adjustResize" />
216-->src\main\AndroidManifest.xml:181:13-55
217        <activity
217-->src\main\AndroidManifest.xml:182:9-186:58
218            android:name="com.ourdevelops.ourjek.activity.EditProfileActivity"
218-->src\main\AndroidManifest.xml:183:13-57
219            android:screenOrientation="portrait"
219-->src\main\AndroidManifest.xml:184:13-49
220            android:theme="@style/MainActivity"
220-->src\main\AndroidManifest.xml:185:13-48
221            android:windowSoftInputMode="adjustResize" />
221-->src\main\AndroidManifest.xml:186:13-55
222        <activity
222-->src\main\AndroidManifest.xml:187:9-191:58
223            android:name="com.ourdevelops.ourjek.activity.LoginActivity"
223-->src\main\AndroidManifest.xml:188:13-51
224            android:screenOrientation="portrait"
224-->src\main\AndroidManifest.xml:189:13-49
225            android:theme="@style/MainActivity"
225-->src\main\AndroidManifest.xml:190:13-48
226            android:windowSoftInputMode="adjustResize" />
226-->src\main\AndroidManifest.xml:191:13-55
227        <activity
227-->src\main\AndroidManifest.xml:192:9-196:58
228            android:name="com.ourdevelops.ourjek.activity.forgot_password.LupapassActivity"
228-->src\main\AndroidManifest.xml:193:13-70
229            android:screenOrientation="portrait"
229-->src\main\AndroidManifest.xml:194:13-49
230            android:theme="@style/Login_phone"
230-->src\main\AndroidManifest.xml:195:13-47
231            android:windowSoftInputMode="adjustResize" />
231-->src\main\AndroidManifest.xml:196:13-55
232        <activity
232-->src\main\AndroidManifest.xml:197:9-201:58
233            android:name="com.ourdevelops.ourjek.activity.ChangepassActivity"
233-->src\main\AndroidManifest.xml:198:13-56
234            android:screenOrientation="portrait"
234-->src\main\AndroidManifest.xml:199:13-49
235            android:theme="@style/MainActivity"
235-->src\main\AndroidManifest.xml:200:13-48
236            android:windowSoftInputMode="adjustResize" />
236-->src\main\AndroidManifest.xml:201:13-55
237        <activity
237-->src\main\AndroidManifest.xml:202:9-205:47
238            android:name="com.ourdevelops.ourjek.activity.landing.MainActivity"
238-->src\main\AndroidManifest.xml:203:13-58
239            android:screenOrientation="portrait"
239-->src\main\AndroidManifest.xml:204:13-49
240            android:theme="@style/AppTheme" />
240-->src\main\AndroidManifest.xml:205:13-44
241        <activity android:name="com.ourdevelops.ourjek.activity.cart.checkout.CheckoutActivity" />
241-->src\main\AndroidManifest.xml:206:9-77
241-->src\main\AndroidManifest.xml:206:19-74
242        <activity android:name="com.ourdevelops.ourjek.activity.NewRideCarActivity" />
242-->src\main\AndroidManifest.xml:207:9-65
242-->src\main\AndroidManifest.xml:207:19-62
243        <activity android:name="com.ourdevelops.ourjek.activity.MApActivity" />
243-->src\main\AndroidManifest.xml:208:9-58
243-->src\main\AndroidManifest.xml:208:19-55
244        <activity android:name="com.ourdevelops.ourjek.activity.LanguageChooseActivity" />
244-->src\main\AndroidManifest.xml:209:9-69
244-->src\main\AndroidManifest.xml:209:19-66
245        <activity
245-->src\main\AndroidManifest.xml:210:9-218:20
246            android:name="com.ourdevelops.ourjek.activity.DriverDetailActivity"
246-->src\main\AndroidManifest.xml:211:13-58
247            android:theme="@style/AppTheme" >
247-->src\main\AndroidManifest.xml:212:13-44
248            <intent-filter>
248-->src\main\AndroidManifest.xml:213:13-217:29
249                <action android:name="transparent.text.SECONDACTIVITY" />
249-->src\main\AndroidManifest.xml:214:17-74
249-->src\main\AndroidManifest.xml:214:25-71
250
251                <category android:name="android.intent.category.DEFAULT" />
251-->src\main\AndroidManifest.xml:216:17-76
251-->src\main\AndroidManifest.xml:216:27-73
252            </intent-filter>
253        </activity>
254        <activity android:name="com.ourdevelops.ourjek.activity.BookRideAcivity" />
254-->src\main\AndroidManifest.xml:219:9-62
254-->src\main\AndroidManifest.xml:219:19-59
255        <activity
255-->src\main\AndroidManifest.xml:220:9-222:58
256            android:name="com.ourdevelops.ourjek.activity.cart.NewDetailOrderActivity"
256-->src\main\AndroidManifest.xml:221:13-65
257            android:windowSoftInputMode="adjustResize" />
257-->src\main\AndroidManifest.xml:222:13-55
258        <activity android:name="com.ourdevelops.ourjek.activity.NotificationActivity" />
258-->src\main\AndroidManifest.xml:223:9-67
258-->src\main\AndroidManifest.xml:223:19-64
259        <activity android:name="com.ourdevelops.ourjek.activity.NewBookRideActivity" />
259-->src\main\AndroidManifest.xml:224:9-66
259-->src\main\AndroidManifest.xml:224:19-63
260        <activity android:name="com.ourdevelops.ourjek.activity.ride_progress.NewRideProgressActivity" />
260-->src\main\AndroidManifest.xml:225:9-84
260-->src\main\AndroidManifest.xml:225:19-81
261        <activity android:name="com.ourdevelops.ourjek.fragment.FavouriteActivity" />
261-->src\main\AndroidManifest.xml:226:9-64
261-->src\main\AndroidManifest.xml:226:19-61
262
263        <meta-data
263-->src\main\AndroidManifest.xml:228:9-230:55
264            android:name="com.google.android.geo.API_KEY"
264-->src\main\AndroidManifest.xml:229:13-58
265            android:value="@string/google_maps_key" /> <!-- <meta-data -->
265-->src\main\AndroidManifest.xml:230:13-52
266        <!-- android:name="keyValue" -->
267        <!-- android:value="@string/google_maps_key" /> -->
268        <!-- <provider -->
269        <!-- android:name="androidx.core.content.FileProvider" -->
270        <!-- android:authorities="np.com.pickme.fileprovider" -->
271        <!-- android:exported="false" -->
272        <!-- android:grantUriPermissions="true"> -->
273        <!-- <meta-data -->
274        <!-- android:name="android.support.FILE_PROVIDER_PATHS" -->
275        <!-- android:resource="@xml/file_paths" /> -->
276        <!-- </provider> -->
277        <meta-data
277-->src\main\AndroidManifest.xml:242:9-244:55
278            android:name="com.facebook.sdk.ApplicationId"
278-->src\main\AndroidManifest.xml:243:13-58
279            android:value="@string/facebook_app_id" />
279-->src\main\AndroidManifest.xml:244:13-52
280        <meta-data
280-->src\main\AndroidManifest.xml:245:9-247:61
281            android:name="com.facebook.sdk.ClientToken"
281-->src\main\AndroidManifest.xml:246:13-56
282            android:value="@string/facebook_client_token" />
282-->src\main\AndroidManifest.xml:247:13-58
283
284        <activity
284-->src\main\AndroidManifest.xml:249:9-252:48
285            android:name="com.facebook.FacebookActivity"
285-->src\main\AndroidManifest.xml:250:13-57
286            android:configChanges="keyboard|keyboardHidden|screenLayout|screenSize|orientation"
286-->src\main\AndroidManifest.xml:251:13-96
287            android:label="@string/app_name"
287-->src\main\AndroidManifest.xml:252:13-45
288            android:theme="@style/com_facebook_activity_theme" />
288-->[com.facebook.android:facebook-common:13.2.0] AndroidManifest.xml:33:13-63
289        <activity
289-->src\main\AndroidManifest.xml:253:9-264:20
290            android:name="com.facebook.CustomTabActivity"
290-->src\main\AndroidManifest.xml:254:13-58
291            android:exported="true" >
291-->src\main\AndroidManifest.xml:255:13-36
292            <intent-filter>
292-->src\main\AndroidManifest.xml:256:13-263:29
293                <action android:name="android.intent.action.VIEW" />
293-->src\main\AndroidManifest.xml:257:17-69
293-->src\main\AndroidManifest.xml:257:25-66
294
295                <category android:name="android.intent.category.DEFAULT" />
295-->src\main\AndroidManifest.xml:216:17-76
295-->src\main\AndroidManifest.xml:216:27-73
296                <category android:name="android.intent.category.BROWSABLE" />
296-->src\main\AndroidManifest.xml:260:17-78
296-->src\main\AndroidManifest.xml:260:27-75
297
298                <data android:scheme="@string/fb_login_protocol_scheme" />
298-->src\main\AndroidManifest.xml:262:17-75
298-->src\main\AndroidManifest.xml:262:23-72
299            </intent-filter>